Base path: C:/Program Files (x86)/Unity/Editor/Data
Pipe name: \\.\pipe\UnityShaderCompiler-2-28412
Cmd: getPlatforms
Cmd: compileSnippet
  api=5 type=0 insize=4310 outsize=978 kw=DIRECTIONAL LIGHTMAP_ON DIRLIGHTMAP_OFF ok=1
Cmd: compileSnippet
  api=5 type=0 insize=4310 outsize=3987 kw=DIRECTIONAL LIGHTMAP_OFF DIRLIGHTMAP_OFF VERTEXLIGHT_ON ok=1
Cmd: compileSnippet
  api=9 type=1 insize=4310 outsize=7 kw=DIRECTIONAL LIGHTMAP_ON DIRLIGHTMAP_OFF ok=1
Cmd: compileSnippet
  api=9 type=0 insize=2268 outsize=1629 kw=DIRECTIONAL ok=1
Cmd: compileSnippet
  api=5 type=0 insize=2268 outsize=1880 kw=DIRECTIONAL_COOKIE ok=1
Cmd: compileSnippet
  api=5 type=1 insize=2268 outsize=6 kw=DIRECTIONAL ok=1
Cmd: compileSnippet
  api=9 type=1 insize=2268 outsize=7 kw=POINT_COOKIE ok=1
Cmd: compileSnippet
  api=9 type=0 insize=5081 outsize=4605 kw=DIRECTIONAL LIGHTMAP_OFF DIRLIGHTMAP_OFF ok=1
Cmd: compileSnippet
  api=9 type=0 insize=5081 outsize=2819 kw=DIRECTIONAL LIGHTMAP_ON DIRLIGHTMAP_ON ok=1
Cmd: compileSnippet
  api=9 type=1 insize=5081 outsize=7 kw=DIRECTIONAL LIGHTMAP_OFF DIRLIGHTMAP_OFF ok=1
Cmd: compileSnippet
  api=5 type=0 insize=3014 outsize=3341 kw=DIRECTIONAL ok=1
Cmd: compileSnippet
  api=5 type=0 insize=3014 outsize=4002 kw=SPOT ok=1
Cmd: compileSnippet
  api=5 type=0 insize=3014 outsize=3592 kw=DIRECTIONAL_COOKIE ok=1
Cmd: compileSnippet
  api=9 type=1 insize=3014 outsize=7 kw=DIRECTIONAL ok=1
Cmd: compileSnippet
  api=9 type=1 insize=3014 outsize=7 kw=SPOT ok=1
Cmd: compileSnippet
  api=9 type=1 insize=3014 outsize=7 kw=DIRECTIONAL_COOKIE ok=1
Cmd: compileSnippet
  api=5 type=0 insize=6536 outsize=3926 kw=DIRECTIONAL LIGHTMAP_ON DIRLIGHTMAP_OFF ok=1
Cmd: compileSnippet
  api=9 type=0 insize=6536 outsize=6977 kw=DIRECTIONAL LIGHTMAP_OFF DIRLIGHTMAP_OFF VERTEXLIGHT_ON ok=1
Cmd: compileSnippet
  api=5 type=1 insize=6536 outsize=6 kw=DIRECTIONAL LIGHTMAP_ON DIRLIGHTMAP_OFF ok=1
Cmd: compileSnippet
  api=9 type=0 insize=4408 outsize=5019 kw=POINT ok=1
Cmd: compileSnippet
  api=5 type=0 insize=4408 outsize=5160 kw=POINT_COOKIE ok=1
Cmd: compileSnippet
  api=9 type=1 insize=4408 outsize=7 kw=POINT ok=1
Cmd: compileSnippet
  api=9 type=1 insize=4408 outsize=7 kw=SPOT ok=1
Cmd: compileSnippet
  api=9 type=1 insize=4408 outsize=7 kw=DIRECTIONAL_COOKIE ok=1
Unhandled exception: Readfile from pipe failed. GLE=Potok zosta³ zakoñczony.


Quitting shader compiler process
