Base path: C:/Program Files (x86)/Unity/Editor/Data
Pipe name: \\.\pipe\UnityShaderCompiler-3-29308
Cmd: getPlatforms
Cmd: compileSnippet
  api=9 type=0 insize=4310 outsize=2904 kw=DIRECTIONAL LIGHTMAP_OFF DIRLIGHTMAP_OFF ok=1
Cmd: compileSnippet
  api=9 type=0 insize=4310 outsize=3990 kw=DIRECTIONAL LIGHTMAP_OFF DIRLIGHTMAP_OFF VERTEXLIGHT_ON ok=1
Cmd: compileSnippet
  api=5 type=1 insize=4310 outsize=6 kw=DIRECTIONAL LIGHTMAP_ON DIRLIGHTMAP_OFF ok=1
Cmd: compileSnippet
  api=9 type=0 insize=2268 outsize=2045 kw=POINT ok=1
Cmd: compileSnippet
  api=5 type=0 insize=2268 outsize=2146 kw=POINT_COOKIE ok=1
Cmd: compileSnippet
  api=9 type=1 insize=2268 outsize=7 kw=POINT ok=1
Cmd: compileSnippet
  api=9 type=1 insize=2268 outsize=7 kw=SPOT ok=1
Cmd: compileSnippet
  api=5 type=1 insize=2268 outsize=6 kw=DIRECTIONAL_COOKIE ok=1
Cmd: compileSnippet
  api=9 type=0 insize=5081 outsize=2681 kw=DIRECTIONAL LIGHTMAP_ON DIRLIGHTMAP_OFF ok=1
Cmd: compileSnippet
  api=5 type=0 insize=5081 outsize=2831 kw=DIRECTIONAL LIGHTMAP_ON DIRLIGHTMAP_ON ok=1
Cmd: compileSnippet
  api=5 type=1 insize=5081 outsize=6 kw=DIRECTIONAL LIGHTMAP_ON DIRLIGHTMAP_OFF ok=1
Cmd: compileSnippet
  api=9 type=0 insize=3014 outsize=3315 kw=DIRECTIONAL ok=1
Cmd: compileSnippet
  api=9 type=0 insize=3014 outsize=3820 kw=POINT_COOKIE ok=1
Cmd: compileSnippet
  api=5 type=1 insize=3014 outsize=6 kw=DIRECTIONAL ok=1
Cmd: compileSnippet
  api=5 type=1 insize=3014 outsize=6 kw=POINT_COOKIE ok=1
Cmd: compileSnippet
  api=9 type=0 insize=6536 outsize=5888 kw=DIRECTIONAL LIGHTMAP_OFF DIRLIGHTMAP_OFF ok=1
Cmd: compileSnippet
  api=5 type=0 insize=6536 outsize=7014 kw=DIRECTIONAL LIGHTMAP_OFF DIRLIGHTMAP_OFF VERTEXLIGHT_ON ok=1
Cmd: compileSnippet
  api=9 type=1 insize=6536 outsize=7 kw=DIRECTIONAL LIGHTMAP_ON DIRLIGHTMAP_OFF ok=1
Cmd: compileSnippet
  api=9 type=0 insize=4408 outsize=4597 kw=DIRECTIONAL ok=1
Cmd: compileSnippet
  api=9 type=0 insize=4408 outsize=5108 kw=POINT_COOKIE ok=1
Cmd: compileSnippet
  api=5 type=1 insize=4408 outsize=6 kw=DIRECTIONAL ok=1
Cmd: compileSnippet
  api=5 type=1 insize=4408 outsize=6 kw=POINT_COOKIE ok=1
Unhandled exception: Readfile from pipe failed. GLE=Potok zosta³ zakoñczony.


Quitting shader compiler process
